0 info it worked if it ends with ok
1 verbose cli [ '/usr/bin/node', '/usr/bin/npm', 'run', 'test-single-run' ]
2 info using npm@3.10.3
3 info using node@v6.7.0
4 verbose run-script [ 'pretest-single-run',
4 verbose run-script   'test-single-run',
4 verbose run-script   'posttest-single-run' ]
5 info lifecycle angular-seed@0.0.0~pretest-single-run: angular-seed@0.0.0
6 silly lifecycle angular-seed@0.0.0~pretest-single-run: no script for pretest-single-run, continuing
7 info lifecycle angular-seed@0.0.0~test-single-run: angular-seed@0.0.0
8 verbose lifecycle angular-seed@0.0.0~test-single-run: unsafe-perm in lifecycle true
9 verbose lifecycle angular-seed@0.0.0~test-single-run: PATH: /usr/lib64/node_modules/npm/bin/node-gyp-bin:/home/jorge2/workspace/oas_fe_cancelacion_semestre/node_modules/.bin:/usr/bin:/home/jorge2/bin:/usr/local/bin:/usr/bin:/bin:/usr/games:/home/jorge2/go/bin:/home/jorge2/go/bin
10 verbose lifecycle angular-seed@0.0.0~test-single-run: CWD: /home/jorge2/workspace/oas_fe_cancelacion_semestre
11 silly lifecycle angular-seed@0.0.0~test-single-run: Args: [ '-c', 'karma start karma.conf.js --single-run' ]
12 silly lifecycle angular-seed@0.0.0~test-single-run: Returned: code: 1  signal: null
13 info lifecycle angular-seed@0.0.0~test-single-run: Failed to exec test-single-run script
14 verbose stack Error: angular-seed@0.0.0 test-single-run: `karma start karma.conf.js --single-run`
14 verbose stack Exit status 1
14 verbose stack     at EventEmitter.<anonymous> (/usr/lib64/node_modules/npm/lib/utils/lifecycle.js:242:16)
14 verbose stack     at emitTwo (events.js:106:13)
14 verbose stack     at EventEmitter.emit (events.js:191:7)
14 verbose stack     at ChildProcess.<anonymous> (/usr/lib64/node_modules/npm/lib/utils/spawn.js:40:14)
14 verbose stack     at emitTwo (events.js:106:13)
14 verbose stack     at ChildProcess.emit (events.js:191:7)
14 verbose stack     at maybeClose (internal/child_process.js:877:16)
14 verbose stack     at Process.ChildProcess._handle.onexit (internal/child_process.js:226:5)
15 verbose pkgid angular-seed@0.0.0
16 verbose cwd /home/jorge2/workspace/oas_fe_cancelacion_semestre
17 error Linux 4.7.4-2-default
18 error argv "/usr/bin/node" "/usr/bin/npm" "run" "test-single-run"
19 error node v6.7.0
20 error npm  v3.10.3
21 error code ELIFECYCLE
22 error angular-seed@0.0.0 test-single-run: `karma start karma.conf.js --single-run`
22 error Exit status 1
23 error Failed at the angular-seed@0.0.0 test-single-run script 'karma start karma.conf.js --single-run'.
23 error Make sure you have the latest version of node.js and npm installed.
23 error If you do, this is most likely a problem with the angular-seed package,
23 error not with npm itself.
23 error Tell the author that this fails on your system:
23 error     karma start karma.conf.js --single-run
23 error You can get information on how to open an issue for this project with:
23 error     npm bugs angular-seed
23 error Or if that isn't available, you can get their info via:
23 error     npm owner ls angular-seed
23 error There is likely additional logging output above.
24 verbose exit [ 1, true ]
